<?xml version="1.0" encoding="UTF-8"?>
<testng-results retried="4" ignored="0" total="9" passed="1" failed="4" skipped="0">
  <reporter-output>
  </reporter-output>
  <suite started-at="2024-01-20T10:06:27 IST" name="CucumberSuite" finished-at="2024-01-20T10:11:41 IST" duration-ms="313875">
    <groups>
      <group name="cucumber">
        <method signature="AbstractTestNGCucumberTests.runScenario(io.cucumber.testng.PickleWrapper,io.cucumber.testng.FeatureWrapper)[pri:0, instance:com.app.runner.TestNGRunner@4d1bf319]" name="runScenario" class="io.cucumber.testng.AbstractTestNGCucumberTests"/>
      </group> <!-- cucumber -->
    </groups>
    <test started-at="2024-01-20T10:06:27 IST" name="CucumberTest" finished-at="2024-01-20T10:11:41 IST" duration-ms="313875">
      <class name="com.app.runner.TestNGRunner">
        <test-method is-config="true" signature="setUpClass(org.testng.ITestContext)[pri:0, instance:com.app.runner.TestNGRunner@4d1bf319]" started-at="2024-01-20T10:06:27 IST" name="setUpClass" finished-at="2024-01-20T10:06:28 IST" duration-ms="862" status="PASS">
          <params>
            <param index="0">
              <value>
                <![CDATA[org.testng.TestRunner@3e0a112f]]>
              </value>
            </param>
          </params>
          <reporter-output>
          </reporter-output>
        </test-method> <!-- setUpClass -->
        <test-method signature="runScenario(io.cucumber.testng.PickleWrapper,io.cucumber.testng.FeatureWrapper)[pri:0, instance:com.app.runner.TestNGRunner@4d1bf319]" started-at="2024-01-20T10:06:28 IST" name="runScenario" description="Runs Cucumber Scenarios" data-provider="scenarios" finished-at="2024-01-20T10:07:04 IST" duration-ms="35527" status="PASS">
          <params>
            <param index="0">
              <value>
                <![CDATA["Testing of ContactUs Page"]]>
              </value>
            </param>
            <param index="1">
              <value>
                <![CDATA["Test Chilternoak Furniture page I want to use this template for my feature file"]]>
              </value>
            </param>
          </params>
          <reporter-output>
          </reporter-output>
        </test-method> <!-- runScenario -->
        <test-method retried="true" signature="runScenario(io.cucumber.testng.PickleWrapper,io.cucumber.testng.FeatureWrapper)[pri:0, instance:com.app.runner.TestNGRunner@4d1bf319]" started-at="2024-01-20T10:07:04 IST" name="runScenario" description="Runs Cucumber Scenarios" data-provider="scenarios" finished-at="2024-01-20T10:07:39 IST" duration-ms="35209" status="SKIP">
          <params>
            <param index="0">
              <value>
                <![CDATA["Testing of ContactUs Page"]]>
              </value>
            </param>
            <param index="1">
              <value>
                <![CDATA["Test Chilternoak Furniture page I want to use this template for my feature file"]]>
              </value>
            </param>
          </params>
          <exception class="java.lang.AssertionError">
            <full-stacktrace>
              <![CDATA[java.lang.AssertionError
at org.junit.Assert.fail(Assert.java:86)
at org.junit.Assert.assertTrue(Assert.java:41)
at org.junit.Assert.assertTrue(Assert.java:52)
at com.app.stepdefs.Steps.it_shoulld_diplayed_the_message(Steps.java:101)
at ✽.It shoulld diplayed the message 'Please enter the valid email'(file:///C:/Users/DELL/eclipse-workspace/RLL_Project_ContactUs/RLL_project_ContactUsForm/src/test/resource/features/ContactUs.feature:14)
]]>
            </full-stacktrace>
          </exception> <!-- java.lang.AssertionError -->
          <reporter-output>
          </reporter-output>
        </test-method> <!-- runScenario -->
        <test-method signature="runScenario(io.cucumber.testng.PickleWrapper,io.cucumber.testng.FeatureWrapper)[pri:0, instance:com.app.runner.TestNGRunner@4d1bf319]" started-at="2024-01-20T10:07:39 IST" name="runScenario" description="Runs Cucumber Scenarios" data-provider="scenarios" finished-at="2024-01-20T10:08:12 IST" duration-ms="33375" status="FAIL">
          <params>
            <param index="0">
              <value>
                <![CDATA["Testing of ContactUs Page"]]>
              </value>
            </param>
            <param index="1">
              <value>
                <![CDATA["Test Chilternoak Furniture page I want to use this template for my feature file"]]>
              </value>
            </param>
          </params>
          <exception class="java.lang.AssertionError">
            <full-stacktrace>
              <![CDATA[java.lang.AssertionError
at org.junit.Assert.fail(Assert.java:86)
at org.junit.Assert.assertTrue(Assert.java:41)
at org.junit.Assert.assertTrue(Assert.java:52)
at com.app.stepdefs.Steps.it_shoulld_diplayed_the_message(Steps.java:101)
at ✽.It shoulld diplayed the message 'Please enter the valid email'(file:///C:/Users/DELL/eclipse-workspace/RLL_Project_ContactUs/RLL_project_ContactUsForm/src/test/resource/features/ContactUs.feature:14)
]]>
            </full-stacktrace>
          </exception> <!-- java.lang.AssertionError -->
          <reporter-output>
          </reporter-output>
        </test-method> <!-- runScenario -->
        <test-method retried="true" signature="runScenario(io.cucumber.testng.PickleWrapper,io.cucumber.testng.FeatureWrapper)[pri:0, instance:com.app.runner.TestNGRunner@4d1bf319]" started-at="2024-01-20T10:08:12 IST" name="runScenario" description="Runs Cucumber Scenarios" data-provider="scenarios" finished-at="2024-01-20T10:08:45 IST" duration-ms="33139" status="SKIP">
          <params>
            <param index="0">
              <value>
                <![CDATA["Testing of ContactUs Page"]]>
              </value>
            </param>
            <param index="1">
              <value>
                <![CDATA["Test Chilternoak Furniture page I want to use this template for my feature file"]]>
              </value>
            </param>
          </params>
          <exception class="java.lang.AssertionError">
            <full-stacktrace>
              <![CDATA[java.lang.AssertionError
at org.junit.Assert.fail(Assert.java:86)
at org.junit.Assert.assertTrue(Assert.java:41)
at org.junit.Assert.assertTrue(Assert.java:52)
at com.app.stepdefs.Steps.it_shoulld_diplayed_the_message(Steps.java:101)
at ✽.It shoulld diplayed the message 'It is mandontary to fill the fields'(file:///C:/Users/DELL/eclipse-workspace/RLL_Project_ContactUs/RLL_project_ContactUsForm/src/test/resource/features/ContactUs.feature:14)
]]>
            </full-stacktrace>
          </exception> <!-- java.lang.AssertionError -->
          <reporter-output>
          </reporter-output>
        </test-method> <!-- runScenario -->
        <test-method signature="runScenario(io.cucumber.testng.PickleWrapper,io.cucumber.testng.FeatureWrapper)[pri:0, instance:com.app.runner.TestNGRunner@4d1bf319]" started-at="2024-01-20T10:08:45 IST" name="runScenario" description="Runs Cucumber Scenarios" data-provider="scenarios" finished-at="2024-01-20T10:09:19 IST" duration-ms="33426" status="FAIL">
          <params>
            <param index="0">
              <value>
                <![CDATA["Testing of ContactUs Page"]]>
              </value>
            </param>
            <param index="1">
              <value>
                <![CDATA["Test Chilternoak Furniture page I want to use this template for my feature file"]]>
              </value>
            </param>
          </params>
          <exception class="java.lang.AssertionError">
            <full-stacktrace>
              <![CDATA[java.lang.AssertionError
at org.junit.Assert.fail(Assert.java:86)
at org.junit.Assert.assertTrue(Assert.java:41)
at org.junit.Assert.assertTrue(Assert.java:52)
at com.app.stepdefs.Steps.it_shoulld_diplayed_the_message(Steps.java:101)
at ✽.It shoulld diplayed the message 'It is mandontary to fill the fields'(file:///C:/Users/DELL/eclipse-workspace/RLL_Project_ContactUs/RLL_project_ContactUsForm/src/test/resource/features/ContactUs.feature:14)
]]>
            </full-stacktrace>
          </exception> <!-- java.lang.AssertionError -->
          <reporter-output>
          </reporter-output>
        </test-method> <!-- runScenario -->
        <test-method retried="true" signature="runScenario(io.cucumber.testng.PickleWrapper,io.cucumber.testng.FeatureWrapper)[pri:0, instance:com.app.runner.TestNGRunner@4d1bf319]" started-at="2024-01-20T10:09:19 IST" name="runScenario" description="Runs Cucumber Scenarios" data-provider="scenarios" finished-at="2024-01-20T10:09:54 IST" duration-ms="35520" status="SKIP">
          <params>
            <param index="0">
              <value>
                <![CDATA["Testing of ContactUs Page"]]>
              </value>
            </param>
            <param index="1">
              <value>
                <![CDATA["Test Chilternoak Furniture page I want to use this template for my feature file"]]>
              </value>
            </param>
          </params>
          <exception class="java.lang.AssertionError">
            <full-stacktrace>
              <![CDATA[java.lang.AssertionError
at org.junit.Assert.fail(Assert.java:86)
at org.junit.Assert.assertTrue(Assert.java:41)
at org.junit.Assert.assertTrue(Assert.java:52)
at com.app.stepdefs.Steps.it_shoulld_diplayed_the_message(Steps.java:101)
at ✽.It shoulld diplayed the message 'Please enter the valid name'(file:///C:/Users/DELL/eclipse-workspace/RLL_Project_ContactUs/RLL_project_ContactUsForm/src/test/resource/features/ContactUs.feature:14)
]]>
            </full-stacktrace>
          </exception> <!-- java.lang.AssertionError -->
          <reporter-output>
          </reporter-output>
        </test-method> <!-- runScenario -->
        <test-method signature="runScenario(io.cucumber.testng.PickleWrapper,io.cucumber.testng.FeatureWrapper)[pri:0, instance:com.app.runner.TestNGRunner@4d1bf319]" started-at="2024-01-20T10:09:54 IST" name="runScenario" description="Runs Cucumber Scenarios" data-provider="scenarios" finished-at="2024-01-20T10:10:28 IST" duration-ms="33340" status="FAIL">
          <params>
            <param index="0">
              <value>
                <![CDATA["Testing of ContactUs Page"]]>
              </value>
            </param>
            <param index="1">
              <value>
                <![CDATA["Test Chilternoak Furniture page I want to use this template for my feature file"]]>
              </value>
            </param>
          </params>
          <exception class="java.lang.AssertionError">
            <full-stacktrace>
              <![CDATA[java.lang.AssertionError
at org.junit.Assert.fail(Assert.java:86)
at org.junit.Assert.assertTrue(Assert.java:41)
at org.junit.Assert.assertTrue(Assert.java:52)
at com.app.stepdefs.Steps.it_shoulld_diplayed_the_message(Steps.java:101)
at ✽.It shoulld diplayed the message 'Please enter the valid name'(file:///C:/Users/DELL/eclipse-workspace/RLL_Project_ContactUs/RLL_project_ContactUsForm/src/test/resource/features/ContactUs.feature:14)
]]>
            </full-stacktrace>
          </exception> <!-- java.lang.AssertionError -->
          <reporter-output>
          </reporter-output>
        </test-method> <!-- runScenario -->
        <test-method retried="true" signature="runScenario(io.cucumber.testng.PickleWrapper,io.cucumber.testng.FeatureWrapper)[pri:0, instance:com.app.runner.TestNGRunner@4d1bf319]" started-at="2024-01-20T10:10:28 IST" name="runScenario" description="Runs Cucumber Scenarios" data-provider="scenarios" finished-at="2024-01-20T10:11:00 IST" duration-ms="32680" status="SKIP">
          <params>
            <param index="0">
              <value>
                <![CDATA["Testing of ContactUs Page"]]>
              </value>
            </param>
            <param index="1">
              <value>
                <![CDATA["Test Chilternoak Furniture page I want to use this template for my feature file"]]>
              </value>
            </param>
          </params>
          <exception class="java.lang.AssertionError">
            <full-stacktrace>
              <![CDATA[java.lang.AssertionError
at org.junit.Assert.fail(Assert.java:86)
at org.junit.Assert.assertTrue(Assert.java:41)
at org.junit.Assert.assertTrue(Assert.java:52)
at com.app.stepdefs.Steps.it_shoulld_diplayed_the_message(Steps.java:101)
at ✽.It shoulld diplayed the message 'Please Enter the valid number format'(file:///C:/Users/DELL/eclipse-workspace/RLL_Project_ContactUs/RLL_project_ContactUsForm/src/test/resource/features/ContactUs.feature:14)
]]>
            </full-stacktrace>
          </exception> <!-- java.lang.AssertionError -->
          <reporter-output>
          </reporter-output>
        </test-method> <!-- runScenario -->
        <test-method signature="runScenario(io.cucumber.testng.PickleWrapper,io.cucumber.testng.FeatureWrapper)[pri:0, instance:com.app.runner.TestNGRunner@4d1bf319]" started-at="2024-01-20T10:11:00 IST" name="runScenario" description="Runs Cucumber Scenarios" data-provider="scenarios" finished-at="2024-01-20T10:11:36 IST" duration-ms="35493" status="FAIL">
          <params>
            <param index="0">
              <value>
                <![CDATA["Testing of ContactUs Page"]]>
              </value>
            </param>
            <param index="1">
              <value>
                <![CDATA["Test Chilternoak Furniture page I want to use this template for my feature file"]]>
              </value>
            </param>
          </params>
          <exception class="java.lang.AssertionError">
            <full-stacktrace>
              <![CDATA[java.lang.AssertionError
at org.junit.Assert.fail(Assert.java:86)
at org.junit.Assert.assertTrue(Assert.java:41)
at org.junit.Assert.assertTrue(Assert.java:52)
at com.app.stepdefs.Steps.it_shoulld_diplayed_the_message(Steps.java:101)
at ✽.It shoulld diplayed the message 'Please Enter the valid number format'(file:///C:/Users/DELL/eclipse-workspace/RLL_Project_ContactUs/RLL_project_ContactUsForm/src/test/resource/features/ContactUs.feature:14)
]]>
            </full-stacktrace>
          </exception> <!-- java.lang.AssertionError -->
          <reporter-output>
          </reporter-output>
        </test-method> <!-- runScenario -->
        <test-method is-config="true" signature="tearDownClass()[pri:0, instance:com.app.runner.TestNGRunner@4d1bf319]" started-at="2024-01-20T10:11:36 IST" name="tearDownClass" finished-at="2024-01-20T10:11:41 IST" duration-ms="5228" status="PASS">
          <reporter-output>
          </reporter-output>
        </test-method> <!-- tearDownClass -->
      </class> <!-- com.app.runner.TestNGRunner -->
    </test> <!-- CucumberTest -->
  </suite> <!-- CucumberSuite -->
</testng-results>
